2024-05-07 00:04:19 Loading main app package /usr/lib/obsidian/obsidian.asar
2024-05-07 00:04:19 Checking for update using Github
2024-05-07 00:04:19 Success.
2024-05-07 00:04:19 Latest version is 1.5.12
2024-05-07 00:04:19 App is up to date.
2024-05-07 01:04:19 Checking for update using Github
2024-05-07 01:04:19 Success.
2024-05-07 01:04:19 Latest version is 1.5.12
2024-05-07 01:04:19 App is up to date.
2024-05-07 02:04:19 Checking for update using Github
2024-05-07 02:04:19 Success.
2024-05-07 02:04:19 Latest version is 1.5.12
2024-05-07 02:04:19 App is up to date.
2024-05-08 02:21:41 Loading main app package /usr/lib/obsidian/obsidian.asar
2024-05-08 02:21:41 Checking for update using Github
2024-05-08 02:21:41 Success.
2024-05-08 02:21:41 Latest version is 1.5.12
2024-05-08 02:21:41 App is up to date.
2024-05-08 02:52:31 Loading main app package /usr/lib/obsidian/obsidian.asar
2024-05-08 02:52:31 Checking for update using Github
2024-05-08 02:52:31 Success.
2024-05-08 02:52:31 Latest version is 1.5.12
2024-05-08 02:52:31 App is up to date.
2024-05-08 07:52:27 Checking for update using Github
2024-05-08 07:52:27 Success.
2024-05-08 07:52:27 Latest version is 1.5.12
2024-05-08 07:52:27 App is up to date.
2024-05-09 02:08:04 Loading main app package /usr/lib/obsidian/obsidian.asar
2024-05-09 02:08:05 Checking for update using Github
2024-05-09 02:08:05 Success.
2024-05-09 02:08:05 Latest version is 1.5.12
2024-05-09 02:08:05 App is up to date.
2024-05-09 03:08:04 Checking for update using Github
2024-05-09 03:08:04 Success.
2024-05-09 03:08:04 Latest version is 1.5.12
2024-05-09 03:08:04 App is up to date.
2024-05-09 04:08:05 Checking for update using Github
2024-05-09 04:08:05 Success.
2024-05-09 04:08:05 Latest version is 1.5.12
2024-05-09 04:08:05 App is up to date.
2024-05-09 05:08:05 Checking for update using Github
2024-05-09 05:08:05 Success.
2024-05-09 05:08:05 Latest version is 1.5.12
2024-05-09 05:08:05 App is up to date.
2024-05-09 06:08:05 Checking for update using Github
2024-05-09 06:08:05 Success.
2024-05-09 06:08:05 Latest version is 1.5.12
2024-05-09 06:08:05 App is up to date.
2024-05-09 07:08:05 Checking for update using Github
2024-05-09 07:08:05 Success.
2024-05-09 07:08:05 Latest version is 1.5.12
2024-05-09 07:08:05 App is up to date.
2024-05-09 08:08:05 Checking for update using Github
2024-05-09 08:08:05 Success.
2024-05-09 08:08:05 Latest version is 1.5.12
2024-05-09 08:08:05 App is up to date.
2024-05-09 09:08:05 Checking for update using Github
2024-05-09 09:08:05 Success.
2024-05-09 09:08:05 Latest version is 1.5.12
2024-05-09 09:08:05 App is up to date.
2024-05-09 10:08:05 Checking for update using Github
2024-05-09 10:08:05 Success.
2024-05-09 10:08:05 Latest version is 1.5.12
2024-05-09 10:08:05 App is up to date.
2024-05-09 11:08:05 Checking for update using Github
2024-05-09 11:08:05 Success.
2024-05-09 11:08:05 Latest version is 1.5.12
2024-05-09 11:08:05 App is up to date.
2024-05-09 12:08:05 Checking for update using Github
2024-05-09 12:08:05 Success.
2024-05-09 12:08:05 Latest version is 1.5.12
2024-05-09 12:08:05 App is up to date.
2024-05-09 13:08:05 Checking for update using Github
2024-05-09 13:08:05 Success.
2024-05-09 13:08:05 Latest version is 1.5.12
2024-05-09 13:08:05 App is up to date.
2024-05-09 14:08:05 Checking for update using Github
2024-05-09 14:08:05 Success.
2024-05-09 14:08:05 Latest version is 1.5.12
2024-05-09 14:08:05 App is up to date.
2024-05-09 15:08:05 Checking for update using Github
2024-05-09 15:08:05 Success.
2024-05-09 15:08:05 Latest version is 1.5.12
2024-05-09 15:08:05 App is up to date.
2024-05-09 16:08:05 Checking for update using Github
2024-05-09 16:08:05 Success.
2024-05-09 16:08:05 Latest version is 1.5.12
2024-05-09 16:08:05 App is up to date.
2024-05-09 17:08:06 Checking for update using Github
2024-05-09 17:08:06 Success.
2024-05-09 17:08:06 Latest version is 1.5.12
2024-05-09 17:08:06 App is up to date.
2024-05-09 18:08:06 Checking for update using Github
2024-05-09 18:08:06 Success.
2024-05-09 18:08:06 Latest version is 1.5.12
2024-05-09 18:08:06 App is up to date.
2024-05-09 19:08:06 Checking for update using Github
2024-05-09 19:08:06 Success.
2024-05-09 19:08:06 Latest version is 1.5.12
2024-05-09 19:08:06 App is up to date.
2024-05-09 20:08:06 Checking for update using Github
2024-05-09 20:08:06 Success.
2024-05-09 20:08:06 Latest version is 1.5.12
2024-05-09 20:08:06 App is up to date.
2024-05-09 21:08:06 Checking for update using Github
2024-05-09 21:08:06 Success.
2024-05-09 21:08:06 Latest version is 1.5.12
2024-05-09 21:08:06 App is up to date.
2024-05-09 22:08:06 Checking for update using Github
2024-05-09 22:08:06 Success.
2024-05-09 22:08:06 Latest version is 1.5.12
2024-05-09 22:08:06 App is up to date.
2024-05-09 23:08:06 Checking for update using Github
2024-05-09 23:08:06 Success.
2024-05-09 23:08:06 Latest version is 1.5.12
2024-05-09 23:08:06 App is up to date.
2024-05-10 00:08:06 Checking for update using Github
2024-05-10 00:08:06 Success.
2024-05-10 00:08:06 Latest version is 1.5.12
2024-05-10 00:08:06 App is up to date.
2024-05-10 01:08:06 Checking for update using Github
2024-05-10 01:08:06 Success.
2024-05-10 01:08:06 Latest version is 1.5.12
2024-05-10 01:08:06 App is up to date.
2024-05-10 02:08:06 Checking for update using Github
2024-05-10 02:08:06 Success.
2024-05-10 02:08:06 Latest version is 1.5.12
2024-05-10 02:08:06 App is up to date.
